<?xml version="1.0" encoding="UTF-8"?>
<testng-results skipped="0" failed="0" ignored="0" total="1" passed="1">
  <reporter-output>
  </reporter-output>
  <suite name="Default suite" duration-ms="7783" started-at="2020-06-06T23:28:46 AST" finished-at="2020-06-06T23:28:54 AST">
    <groups>
    </groups>
    <test name="Default test" duration-ms="7783" started-at="2020-06-06T23:28:46 AST" finished-at="2020-06-06T23:28:54 AST">
      <class name="newPrpject1.Individuals">
        <test-method status="PASS" signature="Test_Individuals()[pri:0, instance:newPrpject1.Individuals@627551fb]" name="Test_Individuals" duration-ms="7727" started-at="2020-06-06T23:28:46 AST" finished-at="2020-06-06T23:28:54 AST">
          <reporter-output>
          </reporter-output>
        </test-method> <!-- Test_Individuals -->
      </class> <!-- newPrpject1.Individuals -->
    </test> <!-- Default test -->
  </suite> <!-- Default suite -->
</testng-results>
